<?xml version="1.0" encoding="UTF-8"?>
<testng-results ignored="0" total="3" passed="3" failed="0" skipped="0">
  <reporter-output>
  </reporter-output>
  <suite started-at="2025-02-13T01:26:24 IST" name="Suite" finished-at="2025-02-13T01:26:45 IST" duration-ms="20950">
    <groups>
    </groups>
    <test started-at="2025-02-13T01:26:24 IST" name="Test" finished-at="2025-02-13T01:26:45 IST" duration-ms="20950">
      <class name="Project.Project.sel">
        <test-method is-config="true" signature="setup()[pri:0, instance:Project.Project.sel@131774fe]" started-at="2025-02-13T01:26:24 IST" name="setup" finished-at="2025-02-13T01:26:35 IST" duration-ms="11406" status="PASS">
          <reporter-output>
          </reporter-output>
        </test-method> <!-- setup -->
        <test-method signature="Login()[pri:0, instance:Project.Project.sel@131774fe]" started-at="2025-02-13T01:26:35 IST" name="Login" finished-at="2025-02-13T01:26:39 IST" duration-ms="3283" status="PASS">
          <reporter-output>
          </reporter-output>
        </test-method> <!-- Login -->
        <test-method signature="ClassRoom()[pri:1, instance:Project.Project.sel@131774fe]" started-at="2025-02-13T01:26:39 IST" name="ClassRoom" finished-at="2025-02-13T01:26:41 IST" duration-ms="2090" status="PASS">
          <reporter-output>
          </reporter-output>
        </test-method> <!-- ClassRoom -->
        <test-method signature="ScheduleSession()[pri:2, instance:Project.Project.sel@131774fe]" started-at="2025-02-13T01:26:41 IST" name="ScheduleSession" finished-at="2025-02-13T01:26:45 IST" duration-ms="4066" status="PASS">
          <reporter-output>
          </reporter-output>
        </test-method> <!-- ScheduleSession -->
      </class> <!-- Project.Project.sel -->
    </test> <!-- Test -->
  </suite> <!-- Suite -->
</testng-results>
