<?xml version="1.0" encoding="UTF-8"?>
<!-- Generated by org.testng.reporters.JUnitReportReporter -->
<testsuite hostname="Azmat" failures="0" tests="3" name="Project.Project.sel" time="9.439" errors="0" timestamp="2025-02-13T01:26:45 IST" skipped="0">
  <testcase classname="Project.Project.sel" name="Login" time="3.283"/>
  <testcase classname="Project.Project.sel" name="ClassRoom" time="2.090"/>
  <testcase classname="Project.Project.sel" name="ScheduleSession" time="4.066"/>
</testsuite> <!-- Project.Project.sel -->
